[debug] [2019-03-05T05:50:30.769Z] ----------------------------------------------------------------------
[debug] [2019-03-05T05:50:30.771Z] Command:       /Users/ldaly/.nvm/versions/node/v8.11.1/bin/node /Users/ldaly/.nvm/versions/node/v8.11.1/bin/firebase serve --only functions
[debug] [2019-03-05T05:50:30.772Z] CLI Version:   6.1.0
[debug] [2019-03-05T05:50:30.772Z] Platform:      darwin
[debug] [2019-03-05T05:50:30.772Z] Node Version:  v8.11.1
[debug] [2019-03-05T05:50:30.772Z] Time:          Tue Mar 05 2019 13:50:30 GMT+0800 (PST)
[debug] [2019-03-05T05:50:30.772Z] ----------------------------------------------------------------------
[debug] 
[debug] [2019-03-05T05:50:30.783Z] > command requires scopes: ["email","openid","https://www.googleapis.com/auth/cloudplatformprojects.readonly","https://www.googleapis.com/auth/firebase","https://www.googleapis.com/auth/cloud-platform"]
[debug] [2019-03-05T05:50:30.783Z] > authorizing via signed-in user
[debug] [2019-03-05T05:50:30.783Z] [iam] checking project our-water-dev for permissions ["firebase.projects.get"]
[debug] [2019-03-05T05:50:30.785Z] >>> HTTP REQUEST POST https://cloudresourcemanager.googleapis.com/v1/projects/our-water-dev:testIamPermissions  

[debug] [2019-03-05T05:50:32.137Z] <<< HTTP RESPONSE 200
[debug] [2019-03-05T05:50:32.139Z] >>> HTTP REQUEST GET https://cloudresourcemanager.googleapis.com/v1/projects/our-water-dev  
 
[debug] [2019-03-05T05:50:33.287Z] <<< HTTP RESPONSE 200
[info] 
[info] === Serving from '/Users/ldaly/developer/vessels/our-water/ow_firebase'...
[info] 
[info] i  functions: Preparing to emulate functions.
[debug] [2019-03-05T05:50:33.922Z] Fetching environment
[debug] [2019-03-05T05:50:33.924Z] >>> HTTP REQUEST GET https://mobilesdk-pa.googleapis.com/v1/projects/329144717293:getServerAppConfig  
 
[debug] [2019-03-05T05:50:34.932Z] <<< HTTP RESPONSE 200
[debug] [2019-03-05T05:50:34.932Z] Starting @google-cloud/functions-emulator
[debug] [2019-03-05T05:50:36.500Z] Parsing function triggers
[info] ✔  functions: group: http://localhost:5000/our-water-dev/us-central1/group
[info] ✔  functions: org: http://localhost:5000/our-water-dev/us-central1/org
[info] ✔  functions: admin: http://localhost:5000/our-water-dev/us-central1/admin
[info] ✔  functions: public: http://localhost:5000/our-water-dev/us-central1/public
[info] ✔  functions: sync: http://localhost:5000/our-water-dev/us-central1/sync
[info] ✔  functions: resource: http://localhost:5000/our-water-dev/us-central1/resource
[info] ✔  functions: shortId: http://localhost:5000/our-water-dev/us-central1/shortId
[info] ✔  functions: reading: http://localhost:5000/our-water-dev/us-central1/reading
