[debug] [2018-12-09T23:06:33.892Z] ----------------------------------------------------------------------
[debug] [2018-12-09T23:06:33.894Z] Command:       /Users/ldaly/.nvm/versions/node/v6.11.5/bin/node /Users/ldaly/.nvm/versions/node/v6.11.5/bin/firebase serve --only functions
[debug] [2018-12-09T23:06:33.895Z] CLI Version:   3.18.4
[debug] [2018-12-09T23:06:33.895Z] Platform:      darwin
[debug] [2018-12-09T23:06:33.895Z] Node Version:  v6.11.5
[debug] [2018-12-09T23:06:33.896Z] Time:          Mon Dec 10 2018 09:36:33 GMT+1030 (ACDT)
[debug] [2018-12-09T23:06:33.896Z] ----------------------------------------------------------------------
[debug] 
[debug] [2018-12-09T23:06:33.910Z] > command requires scopes: ["email","openid","https://www.googleapis.com/auth/cloudplatformprojects.readonly","https://www.googleapis.com/auth/firebase","https://www.googleapis.com/auth/cloud-platform"]
[debug] [2018-12-09T23:06:33.910Z] > authorizing via signed-in user
[debug] [2018-12-09T23:06:33.912Z] >>> HTTP REQUEST GET https://admin.firebase.com/v1/projects/our-water  
  
 Mon Dec 10 2018 09:36:33 GMT+1030 (ACDT)
[debug] [2018-12-09T23:06:34.895Z] <<< HTTP RESPONSE 200
[debug] [2018-12-09T23:06:34.896Z] >>> HTTP REQUEST GET https://admin.firebase.com/v1/database/our-water/tokens  
  
 Mon Dec 10 2018 09:36:34 GMT+1030 (ACDT)
[debug] [2018-12-09T23:06:35.757Z] <<< HTTP RESPONSE 200
[debug] [2018-12-09T23:06:35.758Z] >>> HTTP REQUEST GET https://cloudresourcemanager.googleapis.com/v1/projects/our-water  
  
 Mon Dec 10 2018 09:36:35 GMT+1030 (ACDT)
[debug] [2018-12-09T23:06:37.385Z] <<< HTTP RESPONSE 200
[info] 
[info] === Serving from '/Users/ldaly/developer/vessels/our-water/ow_firebase'...
[info] 
[info] i  functions: Preparing to emulate functions.
[debug] [2018-12-09T23:06:38.279Z] Fetching environment
[debug] [2018-12-09T23:06:38.282Z] >>> HTTP REQUEST GET https://mobilesdk-pa.googleapis.com/v1/projects/276292750755:getServerAppConfig  
  
 Mon Dec 10 2018 09:36:38 GMT+1030 (ACDT)
[debug] [2018-12-09T23:06:39.052Z] <<< HTTP RESPONSE 200
[debug] [2018-12-09T23:06:39.053Z] Starting @google-cloud/functions-emulator
